info @storybook/react v6.5.16
info 
info => Cleaning outputDir: /tmp/chromatic--83609-0p6SRxFgBa9w
(node:83755) DeprecationWarning: --static-dir CLI flag is deprecated, see:

https://github.com/storybookjs/storybook/blob/next/MIGRATION.md#deprecated---static-dir-cli-flag
(Use `node --trace-deprecation ...` to show where the warning was created)
info => Loading presets
info => Copying static files: ./public => ./
info => Compiling manager..
info => Compiling preview..
info Addon-docs: using MDX1
info => Loading Webpack configuration from `node_modules/react-scripts`
info => Removing existing JavaScript and TypeScript rules.
info => Modifying Create React App rules.
info => Using default Webpack5 setup
<s> [webpack.Progress] 0% 

<s> [webpack.Progress] 1% setup before run
<s> [webpack.Progress] 1% setup before run NodeEnvironmentPlugin
<s> [webpack.Progress] 1% setup before run
<s> [webpack.Progress] 2% setup run
<s> [webpack.Progress] 2% setup run ForkTsCheckerWebpackPlugin
<s> [webpack.Progress] 2% setup run ESLintWebpackPlugin_1
<s> [webpack.Progress] 2% setup run
<s> [webpack.Progress] 4% setup normal module factory
<s> [webpack.Progress] 4% setup normal module factory CaseSensitivePathsPlugin
<s> [webpack.Progress] 4% setup normal module factory ModuleNotFoundPlugin
<s> [webpack.Progress] 4% setup normal module factory IgnorePlugin
<s> [webpack.Progress] 4% setup normal module factory
<s> [webpack.Progress] 5% setup context module factory
<s> [webpack.Progress] 5% setup context module factory IgnorePlugin
<s> [webpack.Progress] 5% setup context module factory
<s> [webpack.Progress] 6% setup before compile
<s> [webpack.Progress] 6% setup before compile ProgressPlugin
<s> [webpack.Progress] 6% setup before compile
<s> [webpack.Progress] 7% setup compile
<s> [webpack.Progress] 7% setup compile ExternalsPlugin
<s> [webpack.Progress] 7% setup compile
<s> [webpack.Progress] 8% setup compilation
<s> [webpack.Progress] 8% setup compilation mini-css-extract-plugin
<s> [webpack.Progress] 8% setup compilation ArrayPushCallbackChunkFormatPlugin
<s> [webpack.Progress] 8% setup compilation JsonpChunkLoadingPlugin
<s> [webpack.Progress] 8% setup compilation StartupChunkDependenciesPlugin
<s> [webpack.Progress] 8% setup compilation ImportScriptsChunkLoadingPlugin
<s> [webpack.Progress] 8% setup compilation FetchCompileWasmPlugin
<s> [webpack.Progress] 8% setup compilation FetchCompileAsyncWasmPlugin
<s> [webpack.Progress] 8% setup compilation WorkerPlugin
<s> [webpack.Progress] 8% setup compilation SplitChunksPlugin
<s> [webpack.Progress] 8% setup compilation RuntimeChunkPlugin
<s> [webpack.Progress] 8% setup compilation ResolverCachePlugin
<s> [webpack.Progress] 8% setup compilation HtmlWebpackPlugin
<s> [webpack.Progress] 8% setup compilation
<s> [webpack.Progress] 9% setup compilation
<s> [webpack.Progress] 9% setup compilation DefinePlugin
<s> [webpack.Progress] 9% setup compilation ProvidePlugin
<s> [webpack.Progress] 9% setup compilation ProgressPlugin
<s> [webpack.Progress] 9% setup compilation InlineChunkHtmlPlugin
<s> [webpack.Progress] 9% setup compilation InterpolateHtmlPlugin
<s> [webpack.Progress] 9% setup compilation mini-css-extract-plugin
<s> [webpack.Progress] 9% setup compilation ForkTsCheckerWebpackPlugin
<s> [webpack.Progress] 9% setup compilation DocGenPlugin
<s> [webpack.Progress] 9% setup compilation ChunkPrefetchPreloadPlugin
<s> [webpack.Progress] 9% setup compilation SourceMapDevToolPlugin
<s> [webpack.Progress] 9% setup compilation JavascriptModulesPlugin
<s> [webpack.Progress] 9% setup compilation JsonModulesPlugin
<s> [webpack.Progress] 9% setup compilation AssetModulesPlugin
<s> [webpack.Progress] 9% setup compilation EntryPlugin
<s> [webpack.Progress] 9% setup compilation EntryPlugin
<s> [webpack.Progress] 9% setup compilation EntryPlugin
<s> [webpack.Progress] 9% setup compilation EntryPlugin
<s> [webpack.Progress] 9% setup compilation EntryPlugin
<s> [webpack.Progress] 9% setup compilation EntryPlugin
<s> [webpack.Progress] 9% setup compilation EntryPlugin
<s> [webpack.Progress] 9% setup compilation EntryPlugin
<s> [webpack.Progress] 9% setup compilation EntryPlugin
<s> [webpack.Progress] 9% setup compilation EntryPlugin
<s> [webpack.Progress] 9% setup compilation EntryPlugin
<s> [webpack.Progress] 9% setup compilation EntryPlugin
<s> [webpack.Progress] 9% setup compilation EntryPlugin
<s> [webpack.Progress] 9% setup compilation EntryPlugin
<s> [webpack.Progress] 9% setup compilation RuntimePlugin
<s> [webpack.Progress] 9% setup compilation InferAsyncModulesPlugin
<s> [webpack.Progress] 9% setup compilation DataUriPlugin
<s> [webpack.Progress] 9% setup compilation FileUriPlugin
<s> [webpack.Progress] 9% setup compilation CompatibilityPlugin
<s> [webpack.Progress] 9% setup compilation HarmonyModulesPlugin
<s> [webpack.Progress] 9% setup compilation AMDPlugin
<s> [webpack.Progress] 9% setup compilation RequireJsStuffPlugin
<s> [webpack.Progress] 9% setup compilation CommonJsPlugin
<s> [webpack.Progress] 9% setup compilation LoaderPlugin
<s> [webpack.Progress] 9% setup compilation LoaderPlugin
<s> [webpack.Progress] 9% setup compilation NodeStuffPlugin
<s> [webpack.Progress] 9% setup compilation APIPlugin
<s> [webpack.Progress] 9% setup compilation ExportsInfoApiPlugin
<s> [webpack.Progress] 9% setup compilation WebpackIsIncludedPlugin
<s> [webpack.Progress] 9% setup compilation ConstPlugin
<s> [webpack.Progress] 9% setup compilation UseStrictPlugin
<s> [webpack.Progress] 9% setup compilation RequireIncludePlugin
<s> [webpack.Progress] 9% setup compilation RequireEnsurePlugin
<s> [webpack.Progress] 9% setup compilation RequireContextPlugin
<s> [webpack.Progress] 9% setup compilation ImportPlugin
<s> [webpack.Progress] 9% setup compilation RequireContextPlugin
<s> [webpack.Progress] 9% setup compilation SystemPlugin
<s> [webpack.Progress] 9% setup compilation ImportMetaPlugin
<s> [webpack.Progress] 9% setup compilation URLPlugin
<s> [webpack.Progress] 9% setup compilation DefaultStatsFactoryPlugin
<s> [webpack.Progress] 9% setup compilation DefaultStatsPresetPlugin
<s> [webpack.Progress] 9% setup compilation DefaultStatsPrinterPlugin
<s> [webpack.Progress] 9% setup compilation JavascriptMetaInfoPlugin
<s> [webpack.Progress] 9% setup compilation EnsureChunkConditionsPlugin
<s> [webpack.Progress] 9% setup compilation RemoveEmptyChunksPlugin
<s> [webpack.Progress] 9% setup compilation MergeDuplicateChunksPlugin
<s> [webpack.Progress] 9% setup compilation FlagIncludedChunksPlugin
<s> [webpack.Progress] 9% setup compilation SideEffectsFlagPlugin
<s> [webpack.Progress] 9% setup compilation FlagDependencyExportsPlugin
<s> [webpack.Progress] 9% setup compilation FlagDependencyUsagePlugin
<s> [webpack.Progress] 9% setup compilation InnerGraphPlugin
<s> [webpack.Progress] 9% setup compilation MangleExportsPlugin
<s> [webpack.Progress] 9% setup compilation ModuleConcatenationPlugin
<s> [webpack.Progress] 9% setup compilation NoEmitOnErrorsPlugin
<s> [webpack.Progress] 9% setup compilation RealContentHashPlugin
<s> [webpack.Progress] 9% setup compilation WasmFinalizeExportsPlugin
<s> [webpack.Progress] 9% setup compilation NamedModuleIdsPlugin
<s> [webpack.Progress] 9% setup compilation DeterministicChunkIdsPlugin
<s> [webpack.Progress] 9% setup compilation DefinePlugin
<s> [webpack.Progress] 9% setup compilation TerserPlugin
<s> [webpack.Progress] 9% setup compilation TemplatedPathPlugin
<s> [webpack.Progress] 9% setup compilation RecordIdsPlugin
<s> [webpack.Progress] 9% setup compilation WarnCaseSensitiveModulesPlugin
<s> [webpack.Progress] 9% setup compilation IgnoreWarningsPlugin
<s> [webpack.Progress] 9% setup compilation ESLintWebpackPlugin_1
<s> [webpack.Progress] 9% setup compilation
<s> [webpack.Progress] 10% building
<s> [webpack.Progress] 10% building 0/1 entries 0/0 dependencies 0/0 modules
<s> [webpack.Progress] 10% building import loader ./node_modules/react-scripts/node_modules/babel-loader/lib/index.js
<s> [webpack.Progress] 10% building import loader ./node_modules/source-map-loader/dist/cjs.js
<s> [webpack.Progress] 10% building 0/14 entries 13/33 dependencies 0/12 modules
<s> [webpack.Progress] 10% building import loader ./node_modules/@storybook/addon-docs/node_modules/babel-loader/lib/index.js
<s> [webpack.Progress] 10% building import loader ./node_modules/@storybook/mdx1-csf/loader.js
<s> [webpack.Progress] 10% building 0/14 entries 29/84 dependencies 0/26 modules
<s> [webpack.Progress] 10% building import loader ./node_modules/@storybook/source-loader/dist/cjs/index.js
<s> [webpack.Progress] 10% building 0/14 entries 58/84 dependencies 0/55 modules
<s> [webpack.Progress] 10% building 0/14 entries 70/100 dependencies 0/67 modules
<s> [webpack.Progress] 10% building 0/14 entries 200/252 dependencies 2/131 modules
<s> [webpack.Progress] 10% building 0/14 entries 291/386 dependencies 5/161 modules
<s> [webpack.Progress] 13% building 1/14 entries 291/386 dependencies 6/161 modules
<s> [webpack.Progress] 13% building 1/14 entries 400/688 dependencies 7/252 modules
<s> [webpack.Progress] 13% building 1/14 entries 478/688 dependencies 9/310 modules
<s> [webpack.Progress] 13% building 1/14 entries 512/688 dependencies 10/314 modules
<s> [webpack.Progress] 13% building import loader ./node_modules/mini-css-extract-plugin/dist/loader.js
<s> [webpack.Progress] 13% building import loader ./node_modules/css-loader/dist/cjs.js
<s> [webpack.Progress] 13% building import loader ./node_modules/postcss-loader/dist/cjs.js
<s> [webpack.Progress] 13% building 1/14 entries 616/688 dependencies 11/336 modules
<s> [webpack.Progress] 13% building import loader ./node_modules/@svgr/webpack/lib/index.js
<s> [webpack.Progress] 13% building import loader ./node_modules/file-loader/dist/cjs.js
<s> [webpack.Progress] 13% building 1/14 entries 630/689 dependencies 11/345 modules
<s> [webpack.Progress] 13% building 1/14 entries 1061/1100 dependencies 20/512 modules
<s> [webpack.Progress] 13% building 1/14 entries 1363/1431 dependencies 41/600 modules
<s> [webpack.Progress] 17% building 2/14 entries 1391/1431 dependencies 46/627 modules
<s> [webpack.Progress] 99% cache begin idle
<s> [webpack.Progress] 99% cache begin idle
<s> [webpack.Progress] 100% 

ERR! => Failed to build the preview
ERR! Module not found: Error: Can't resolve 'semantic-ui-react' in '/home/sairom/Documents/React-Project/checkr/src/components/Organisms/MailTemplate'
<s> [webpack.Progress] 99% cache shutdown
<s> [webpack.Progress] 99% cache shutdown
<s> [webpack.Progress] 100% 

<s> [webpack.Progress] 21% building 3/14 entries 1391/1431 dependencies 132/627 modules
<s> [webpack.Progress] 25% building 4/14 entries 1391/1431 dependencies 133/627 modules
<s> [webpack.Progress] 29% building 5/14 entries 1391/1431 dependencies 134/627 modules
<s> [webpack.Progress] 33% building 6/14 entries 1391/1431 dependencies 135/627 modules
<s> [webpack.Progress] 37% building 7/14 entries 1391/1431 dependencies 136/627 modules
<s> [webpack.Progress] 41% building 8/14 entries 1391/1431 dependencies 137/627 modules
<s> [webpack.Progress] 45% building 9/14 entries 1391/1431 dependencies 193/627 modules
<s> [webpack.Progress] 49% building 10/14 entries 1391/1431 dependencies 227/627 modules
<s> [webpack.Progress] 53% building 11/14 entries 1391/1431 dependencies 227/627 modules
<s> [webpack.Progress] 57% building 12/14 entries 1391/1431 dependencies 227/627 modules
<s> [webpack.Progress] 61% building 13/14 entries 1391/1431 dependencies 228/627 modules
<s> [webpack.Progress] 63% building 14/14 entries 1391/1431 dependencies 229/627 modules
info => Manager built (23 s)
ERR! ModuleNotFoundError: Module not found: Error: Can't resolve 'semantic-ui-react' in '/home/sairom/Documents/React-Project/checkr/src/components/Organisms/MailTemplate'
ERR!     at /home/sairom/Documents/React-Project/checkr/node_modules/webpack/lib/Compilation.js:2016:28
ERR!     at /home/sairom/Documents/React-Project/checkr/node_modules/webpack/lib/NormalModuleFactory.js:798:13
ERR!     at eval (eval at create (/home/sairom/Documents/React-Project/checkr/node_modules/tapable/lib/HookCodeFactory.js:33:10), <anonymous>:10:1)
ERR!     at /home/sairom/Documents/React-Project/checkr/node_modules/webpack/lib/NormalModuleFactory.js:270:22
ERR!     at eval (eval at create (/home/sairom/Documents/React-Project/checkr/node_modules/tapable/lib/HookCodeFactory.js:33:10), <anonymous>:9:1)
ERR!     at /home/sairom/Documents/React-Project/checkr/node_modules/webpack/lib/NormalModuleFactory.js:434:22
ERR!     at /home/sairom/Documents/React-Project/checkr/node_modules/webpack/lib/NormalModuleFactory.js:116:11
ERR!     at /home/sairom/Documents/React-Project/checkr/node_modules/webpack/lib/NormalModuleFactory.js:670:25
ERR!     at /home/sairom/Documents/React-Project/checkr/node_modules/webpack/lib/NormalModuleFactory.js:855:8
ERR!     at /home/sairom/Documents/React-Project/checkr/node_modules/webpack/lib/NormalModuleFactory.js:975:5
ERR!     at /home/sairom/Documents/React-Project/checkr/node_modules/neo-async/async.js:6883:13
ERR!     at /home/sairom/Documents/React-Project/checkr/node_modules/webpack/lib/NormalModuleFactory.js:958:45
ERR!     at finishWithoutResolve (/home/sairom/Documents/React-Project/checkr/node_modules/enhanced-resolve/lib/Resolver.js:312:11)
ERR!     at /home/sairom/Documents/React-Project/checkr/node_modules/enhanced-resolve/lib/Resolver.js:386:15
ERR!     at /home/sairom/Documents/React-Project/checkr/node_modules/enhanced-resolve/lib/Resolver.js:435:5
ERR!     at eval (eval at create (/home/sairom/Documents/React-Project/checkr/node_modules/tapable/lib/HookCodeFactory.js:33:10), <anonymous>:15:1)
ERR!     at /home/sairom/Documents/React-Project/checkr/node_modules/enhanced-resolve/lib/Resolver.js:435:5
ERR!     at eval (eval at create (/home/sairom/Documents/React-Project/checkr/node_modules/tapable/lib/HookCodeFactory.js:33:10), <anonymous>:27:1)
ERR!     at /home/sairom/Documents/React-Project/checkr/node_modules/enhanced-resolve/lib/DescriptionFilePlugin.js:87:43
ERR!     at /home/sairom/Documents/React-Project/checkr/node_modules/enhanced-resolve/lib/Resolver.js:435:5
ERR!     at eval (eval at create (/home/sairom/Documents/React-Project/checkr/node_modules/tapable/lib/HookCodeFactory.js:33:10), <anonymous>:16:1)
ERR!     at /home/sairom/Documents/React-Project/checkr/node_modules/enhanced-resolve/lib/forEachBail.js:16:12
ERR!     at /home/sairom/Documents/React-Project/checkr/node_modules/enhanced-resolve/lib/AliasPlugin.js:125:14
ERR!     at next (/home/sairom/Documents/React-Project/checkr/node_modules/enhanced-resolve/lib/forEachBail.js:14:3)
ERR!     at forEachBail (/home/sairom/Documents/React-Project/checkr/node_modules/enhanced-resolve/lib/forEachBail.js:24:9)
ERR!     at /home/sairom/Documents/React-Project/checkr/node_modules/enhanced-resolve/lib/AliasPlugin.js:51:5
ERR!     at _next0 (eval at create (/home/sairom/Documents/React-Project/checkr/node_modules/tapable/lib/HookCodeFactory.js:33:10), <anonymous>:8:1)
ERR!     at eval (eval at create (/home/sairom/Documents/React-Project/checkr/node_modules/tapable/lib/HookCodeFactory.js:33:10), <anonymous>:30:1)
ERR!     at /home/sairom/Documents/React-Project/checkr/node_modules/enhanced-resolve/lib/Resolver.js:435:5
ERR!     at eval (eval at create (/home/sairom/Documents/React-Project/checkr/node_modules/tapable/lib/HookCodeFactory.js:33:10), <anonymous>:16:1)
ERR!     at /home/sairom/Documents/React-Project/checkr/node_modules/enhanced-resolve/lib/Resolver.js:435:5
ERR!     at eval (eval at create (/home/sairom/Documents/React-Project/checkr/node_modules/tapable/lib/HookCodeFactory.js:33:10), <anonymous>:16:1)
ERR!     at /home/sairom/Documents/React-Project/checkr/node_modules/enhanced-resolve/lib/Resolver.js:435:5
ERR!     at eval (eval at create (/home/sairom/Documents/React-Project/checkr/node_modules/tapable/lib/HookCodeFactory.js:33:10), <anonymous>:27:1)
ERR!     at /home/sairom/Documents/React-Project/checkr/node_modules/enhanced-resolve/lib/DescriptionFilePlugin.js:87:43
ERR!     at /home/sairom/Documents/React-Project/checkr/node_modules/enhanced-resolve/lib/Resolver.js:435:5
ERR!     at eval (eval at create (/home/sairom/Documents/React-Project/checkr/node_modules/tapable/lib/HookCodeFactory.js:33:10), <anonymous>:16:1)
ERR!     at /home/sairom/Documents/React-Project/checkr/node_modules/enhanced-resolve/lib/Resolver.js:435:5
ERR!     at eval (eval at create (/home/sairom/Documents/React-Project/checkr/node_modules/tapable/lib/HookCodeFactory.js:33:10), <anonymous>:15:1)
ERR!     at /home/sairom/Documents/React-Project/checkr/node_modules/enhanced-resolve/lib/DirectoryExistsPlugin.js:41:15
ERR!     at processTicksAndRejections (node:internal/process/task_queues:82:21)
ERR!  ModuleNotFoundError: Module not found: Error: Can't resolve 'semantic-ui-react' in '/home/sairom/Documents/React-Project/checkr/src/components/Organisms/MailTemplate'
ERR!     at /home/sairom/Documents/React-Project/checkr/node_modules/webpack/lib/Compilation.js:2016:28
ERR!     at /home/sairom/Documents/React-Project/checkr/node_modules/webpack/lib/NormalModuleFactory.js:798:13
ERR!     at eval (eval at create (/home/sairom/Documents/React-Project/checkr/node_modules/tapable/lib/HookCodeFactory.js:33:10), <anonymous>:10:1)
ERR!     at /home/sairom/Documents/React-Project/checkr/node_modules/webpack/lib/NormalModuleFactory.js:270:22
ERR!     at eval (eval at create (/home/sairom/Documents/React-Project/checkr/node_modules/tapable/lib/HookCodeFactory.js:33:10), <anonymous>:9:1)
ERR!     at /home/sairom/Documents/React-Project/checkr/node_modules/webpack/lib/NormalModuleFactory.js:434:22
ERR!     at /home/sairom/Documents/React-Project/checkr/node_modules/webpack/lib/NormalModuleFactory.js:116:11
ERR!     at /home/sairom/Documents/React-Project/checkr/node_modules/webpack/lib/NormalModuleFactory.js:670:25
ERR!     at /home/sairom/Documents/React-Project/checkr/node_modules/webpack/lib/NormalModuleFactory.js:855:8
ERR!     at /home/sairom/Documents/React-Project/checkr/node_modules/webpack/lib/NormalModuleFactory.js:975:5
ERR!     at /home/sairom/Documents/React-Project/checkr/node_modules/neo-async/async.js:6883:13
ERR!     at /home/sairom/Documents/React-Project/checkr/node_modules/webpack/lib/NormalModuleFactory.js:958:45
ERR!     at finishWithoutResolve (/home/sairom/Documents/React-Project/checkr/node_modules/enhanced-resolve/lib/Resolver.js:312:11)
ERR!     at /home/sairom/Documents/React-Project/checkr/node_modules/enhanced-resolve/lib/Resolver.js:386:15
ERR!     at /home/sairom/Documents/React-Project/checkr/node_modules/enhanced-resolve/lib/Resolver.js:435:5
ERR!     at eval (eval at create (/home/sairom/Documents/React-Project/checkr/node_modules/tapable/lib/HookCodeFactory.js:33:10), <anonymous>:15:1)
ERR!     at /home/sairom/Documents/React-Project/checkr/node_modules/enhanced-resolve/lib/Resolver.js:435:5
ERR!     at eval (eval at create (/home/sairom/Documents/React-Project/checkr/node_modules/tapable/lib/HookCodeFactory.js:33:10), <anonymous>:27:1)
ERR!     at /home/sairom/Documents/React-Project/checkr/node_modules/enhanced-resolve/lib/DescriptionFilePlugin.js:87:43
ERR!     at /home/sairom/Documents/React-Project/checkr/node_modules/enhanced-resolve/lib/Resolver.js:435:5
ERR!     at eval (eval at create (/home/sairom/Documents/React-Project/checkr/node_modules/tapable/lib/HookCodeFactory.js:33:10), <anonymous>:16:1)
ERR!     at /home/sairom/Documents/React-Project/checkr/node_modules/enhanced-resolve/lib/forEachBail.js:16:12
ERR!     at /home/sairom/Documents/React-Project/checkr/node_modules/enhanced-resolve/lib/AliasPlugin.js:125:14
ERR!     at next (/home/sairom/Documents/React-Project/checkr/node_modules/enhanced-resolve/lib/forEachBail.js:14:3)
ERR!     at forEachBail (/home/sairom/Documents/React-Project/checkr/node_modules/enhanced-resolve/lib/forEachBail.js:24:9)
ERR!     at /home/sairom/Documents/React-Project/checkr/node_modules/enhanced-resolve/lib/AliasPlugin.js:51:5
ERR!     at _next0 (eval at create (/home/sairom/Documents/React-Project/checkr/node_modules/tapable/lib/HookCodeFactory.js:33:10), <anonymous>:8:1)
ERR!     at eval (eval at create (/home/sairom/Documents/React-Project/checkr/node_modules/tapable/lib/HookCodeFactory.js:33:10), <anonymous>:30:1)
ERR!     at /home/sairom/Documents/React-Project/checkr/node_modules/enhanced-resolve/lib/Resolver.js:435:5
ERR!     at eval (eval at create (/home/sairom/Documents/React-Project/checkr/node_modules/tapable/lib/HookCodeFactory.js:33:10), <anonymous>:16:1)
ERR!     at /home/sairom/Documents/React-Project/checkr/node_modules/enhanced-resolve/lib/Resolver.js:435:5
ERR!     at eval (eval at create (/home/sairom/Documents/React-Project/checkr/node_modules/tapable/lib/HookCodeFactory.js:33:10), <anonymous>:16:1)
ERR!     at /home/sairom/Documents/React-Project/checkr/node_modules/enhanced-resolve/lib/Resolver.js:435:5
ERR!     at eval (eval at create (/home/sairom/Documents/React-Project/checkr/node_modules/tapable/lib/HookCodeFactory.js:33:10), <anonymous>:27:1)
ERR!     at /home/sairom/Documents/React-Project/checkr/node_modules/enhanced-resolve/lib/DescriptionFilePlugin.js:87:43
ERR!     at /home/sairom/Documents/React-Project/checkr/node_modules/enhanced-resolve/lib/Resolver.js:435:5
ERR!     at eval (eval at create (/home/sairom/Documents/React-Project/checkr/node_modules/tapable/lib/HookCodeFactory.js:33:10), <anonymous>:16:1)
ERR!     at /home/sairom/Documents/React-Project/checkr/node_modules/enhanced-resolve/lib/Resolver.js:435:5
ERR!     at eval (eval at create (/home/sairom/Documents/React-Project/checkr/node_modules/tapable/lib/HookCodeFactory.js:33:10), <anonymous>:15:1)
ERR!     at /home/sairom/Documents/React-Project/checkr/node_modules/enhanced-resolve/lib/DirectoryExistsPlugin.js:41:15
ERR!     at processTicksAndRejections (node:internal/process/task_queues:82:21)
ERR! resolve 'semantic-ui-react' in '/home/sairom/Documents/React-Project/checkr/src/components/Organisms/MailTemplate'
ERR!   Parsed request is a module
ERR!   using description file: /home/sairom/Documents/React-Project/checkr/package.json (relative path: ./src/components/Organisms/MailTemplate)
ERR!     Field 'browser' doesn't contain a valid alias configuration
ERR!     resolve as module
ERR!       /home/sairom/Documents/React-Project/checkr/src/components/Organisms/MailTemplate/node_modules doesn't exist or is not a directory
ERR!       /home/sairom/Documents/React-Project/checkr/src/components/Organisms/node_modules doesn't exist or is not a directory
ERR!       /home/sairom/Documents/React-Project/checkr/src/components/node_modules doesn't exist or is not a directory
ERR!       /home/sairom/Documents/React-Project/checkr/src/node_modules doesn't exist or is not a directory
ERR!       looking for modules in /home/sairom/Documents/React-Project/checkr/node_modules
ERR!         single file module
ERR!           using description file: /home/sairom/Documents/React-Project/checkr/package.json (relative path: ./node_modules/semantic-ui-react)
ERR!             no extension
ERR!               Field 'browser' doesn't contain a valid alias configuration
ERR!               /home/sairom/Documents/React-Project/checkr/node_modules/semantic-ui-react doesn't exist
ERR!             .web.mjs
ERR!               Field 'browser' doesn't contain a valid alias configuration
ERR!               /home/sairom/Documents/React-Project/checkr/node_modules/semantic-ui-react.web.mjs doesn't exist
ERR!             .mjs
ERR!               Field 'browser' doesn't contain a valid alias configuration
ERR!               /home/sairom/Documents/React-Project/checkr/node_modules/semantic-ui-react.mjs doesn't exist
ERR!             .web.js
ERR!               Field 'browser' doesn't contain a valid alias configuration
ERR!               /home/sairom/Documents/React-Project/checkr/node_modules/semantic-ui-react.web.js doesn't exist
ERR!             .js
ERR!               Field 'browser' doesn't contain a valid alias configuration
ERR!               /home/sairom/Documents/React-Project/checkr/node_modules/semantic-ui-react.js doesn't exist
ERR!             .web.ts
ERR!               Field 'browser' doesn't contain a valid alias configuration
ERR!               /home/sairom/Documents/React-Project/checkr/node_modules/semantic-ui-react.web.ts doesn't exist
ERR!             .ts
ERR!               Field 'browser' doesn't contain a valid alias configuration
ERR!               /home/sairom/Documents/React-Project/checkr/node_modules/semantic-ui-react.ts doesn't exist
ERR!             .web.tsx
ERR!               Field 'browser' doesn't contain a valid alias configuration
ERR!               /home/sairom/Documents/React-Project/checkr/node_modules/semantic-ui-react.web.tsx doesn't exist
ERR!             .tsx
ERR!               Field 'browser' doesn't contain a valid alias configuration
ERR!               /home/sairom/Documents/React-Project/checkr/node_modules/semantic-ui-react.tsx doesn't exist
ERR!             .json
ERR!               Field 'browser' doesn't contain a valid alias configuration
ERR!               /home/sairom/Documents/React-Project/checkr/node_modules/semantic-ui-react.json doesn't exist
ERR!             .web.jsx
ERR!               Field 'browser' doesn't contain a valid alias configuration
ERR!               /home/sairom/Documents/React-Project/checkr/node_modules/semantic-ui-react.web.jsx doesn't exist
ERR!             .jsx
ERR!               Field 'browser' doesn't contain a valid alias configuration
ERR!               /home/sairom/Documents/React-Project/checkr/node_modules/semantic-ui-react.jsx doesn't exist
ERR!         /home/sairom/Documents/React-Project/checkr/node_modules/semantic-ui-react doesn't exist
ERR!       /home/sairom/Documents/React-Project/node_modules doesn't exist or is not a directory
ERR!       /home/sairom/Documents/node_modules doesn't exist or is not a directory
ERR!       /home/sairom/node_modules doesn't exist or is not a directory
ERR!       /home/node_modules doesn't exist or is not a directory
ERR!       /node_modules doesn't exist or is not a directory
ERR!       looking for modules in /home/sairom/Documents/React-Project/checkr/node_modules/react-scripts/node_modules
ERR!         single file module
ERR!           using description file: /home/sairom/Documents/React-Project/checkr/node_modules/react-scripts/package.json (relative path: ./node_modules/semantic-ui-react)
ERR!             no extension
ERR!               Field 'browser' doesn't contain a valid alias configuration
ERR!               /home/sairom/Documents/React-Project/checkr/node_modules/react-scripts/node_modules/semantic-ui-react doesn't exist
ERR!             .web.mjs
ERR!               Field 'browser' doesn't contain a valid alias configuration
ERR!               /home/sairom/Documents/React-Project/checkr/node_modules/react-scripts/node_modules/semantic-ui-react.web.mjs doesn't exist
ERR!             .mjs
ERR!               Field 'browser' doesn't contain a valid alias configuration
ERR!               /home/sairom/Documents/React-Project/checkr/node_modules/react-scripts/node_modules/semantic-ui-react.mjs doesn't exist
ERR!             .web.js
ERR!               Field 'browser' doesn't contain a valid alias configuration
ERR!               /home/sairom/Documents/React-Project/checkr/node_modules/react-scripts/node_modules/semantic-ui-react.web.js doesn't exist
ERR!             .js
ERR!               Field 'browser' doesn't contain a valid alias configuration
ERR!               /home/sairom/Documents/React-Project/checkr/node_modules/react-scripts/node_modules/semantic-ui-react.js doesn't exist
ERR!             .web.ts
ERR!               Field 'browser' doesn't contain a valid alias configuration
ERR!               /home/sairom/Documents/React-Project/checkr/node_modules/react-scripts/node_modules/semantic-ui-react.web.ts doesn't exist
ERR!             .ts
ERR!               Field 'browser' doesn't contain a valid alias configuration
ERR!               /home/sairom/Documents/React-Project/checkr/node_modules/react-scripts/node_modules/semantic-ui-react.ts doesn't exist
ERR!             .web.tsx
ERR!               Field 'browser' doesn't contain a valid alias configuration
ERR!               /home/sairom/Documents/React-Project/checkr/node_modules/react-scripts/node_modules/semantic-ui-react.web.tsx doesn't exist
ERR!             .tsx
ERR!               Field 'browser' doesn't contain a valid alias configuration
ERR!               /home/sairom/Documents/React-Project/checkr/node_modules/react-scripts/node_modules/semantic-ui-react.tsx doesn't exist
ERR!             .json
ERR!               Field 'browser' doesn't contain a valid alias configuration
ERR!               /home/sairom/Documents/React-Project/checkr/node_modules/react-scripts/node_modules/semantic-ui-react.json doesn't exist
ERR!             .web.jsx
ERR!               Field 'browser' doesn't contain a valid alias configuration
ERR!               /home/sairom/Documents/React-Project/checkr/node_modules/react-scripts/node_modules/semantic-ui-react.web.jsx doesn't exist
ERR!             .jsx
ERR!               Field 'browser' doesn't contain a valid alias configuration
ERR!               /home/sairom/Documents/React-Project/checkr/node_modules/react-scripts/node_modules/semantic-ui-react.jsx doesn't exist
ERR!         /home/sairom/Documents/React-Project/checkr/node_modules/react-scripts/node_modules/semantic-ui-react doesn't exist
info => Loading presets
